{
  "RSpec": {
    "coverage": {
      "/home/eero/Desktop/WebPalvelinohjelmointi/ratebeer/app/helpers/application_helper.rb": [
        1,
        null
      ],
      "/home/eero/Desktop/WebPalvelinohjelmointi/ratebeer/app/helpers/beer_clubs_helper.rb": [
        1,
        null
      ],
      "/home/eero/Desktop/WebPalvelinohjelmointi/ratebeer/app/helpers/beers_helper.rb": [
        1,
        null
      ],
      "/home/eero/Desktop/WebPalvelinohjelmointi/ratebeer/app/helpers/breweries_helper.rb": [
        1,
        null
      ],
      "/home/eero/Desktop/WebPalvelinohjelmointi/ratebeer/app/helpers/memberships_helper.rb": [
        1,
        null
      ],
      "/home/eero/Desktop/WebPalvelinohjelmointi/ratebeer/app/helpers/users_helper.rb": [
        1,
        null
      ],
      "/home/eero/Desktop/WebPalvelinohjelmointi/ratebeer/lib/beermapping_api.rb": [
        1,
        1,
        6,
        11,
        null,
        null,
        1,
        5,
        null,
        5,
        5,
        null,
        5,
        null,
        4,
        4,
        5,
        null,
        null,
        null,
        1,
        5,
        null,
        null
      ],
      "/home/eero/Desktop/WebPalvelinohjelmointi/ratebeer/app/models/place.rb": [
        1,
        1,
        0,
        null,
        null
      ],
      "/home/eero/Desktop/WebPalvelinohjelmointi/ratebeer/app/jobs/application_job.rb": [
        0,
        0
      ],
      "/home/eero/Desktop/WebPalvelinohjelmointi/ratebeer/app/channels/application_cable/connection.rb": [
        0,
        0,
        0,
        0
      ],
      "/home/eero/Desktop/WebPalvelinohjelmointi/ratebeer/app/channels/application_cable/channel.rb": [
        0,
        0,
        0,
        0
      ],
      "/home/eero/Desktop/WebPalvelinohjelmointi/ratebeer/app/controllers/places_controller.rb": [
        0,
        0,
        0,
        null,
        0,
        0,
        0,
        0,
        0,
        0,
        0,
        0,
        0
      ],
      "/home/eero/Desktop/WebPalvelinohjelmointi/ratebeer/app/controllers/ratings_controller.rb": [
        0,
        0,
        0,
        0,
        null,
        0,
        0,
        0,
        0,
        null,
        0,
        0,
        0,
        null,
        0,
        0,
        0,
        0,
        0,
        0,
        0,
        0,
        0,
        null,
        0,
        0,
        0,
        null,
        0,
        0,
        0
      ],
      "/home/eero/Desktop/WebPalvelinohjelmointi/ratebeer/app/controllers/breweries_controller.rb": [
        0,
        0,
        0,
        null,
        null,
        null,
        0,
        0,
        0,
        null,
        null,
        null,
        0,
        0,
        null,
        null,
        0,
        0,
        0,
        null,
        null,
        0,
        0,
        null,
        null,
        null,
        0,
        0,
        null,
        0,
        0,
        0,
        0,
        0,
        0,
        0,
        0,
        0,
        0,
        null,
        null,
        null,
        0,
        0,
        0,
        0,
        0,
        0,
        0,
        0,
        0,
        0,
        0,
        null,
        null,
        null,
        0,
        0,
        0,
        0,
        0,
        0,
        0,
        null,
        0,
        null,
        null,
        0,
        0,
        0,
        null,
        null,
        0,
        0,
        0,
        0
      ],
      "/home/eero/Desktop/WebPalvelinohjelmointi/ratebeer/app/controllers/memberships_controller.rb": [
        0,
        0,
        null,
        null,
        null,
        0,
        0,
        0,
        null,
        null,
        null,
        0,
        0,
        null,
        null,
        0,
        0,
        0,
        0,
        null,
        null,
        0,
        0,
        null,
        null,
        null,
        0,
        0,
        0,
        null,
        0,
        0,
        0,
        0,
        0,
        0,
        0,
        0,
        0,
        0,
        0,
        null,
        null,
        null,
        0,
        0,
        0,
        0,
        0,
        0,
        0,
        0,
        0,
        0,
        0,
        null,
        null,
        null,
        0,
        0,
        0,
        0,
        0,
        0,
        0,
        null,
        0,
        null,
        null,
        0,
        0,
        0,
        null,
        null,
        0,
        0,
        0,
        0
      ],
      "/home/eero/Desktop/WebPalvelinohjelmointi/ratebeer/app/controllers/application_controller.rb": [
        0,
        null,
        0,
        null,
        0,
        0,
        null,
        0,
        0,
        null,
        0,
        0,
        0,
        0
      ],
      "/home/eero/Desktop/WebPalvelinohjelmointi/ratebeer/app/controllers/users_controller.rb": [
        0,
        0,
        null,
        null,
        null,
        0,
        0,
        0,
        null,
        null,
        null,
        0,
        0,
        null,
        null,
        0,
        0,
        0,
        null,
        null,
        0,
        0,
        null,
        null,
        null,
        0,
        0,
        null,
        0,
        0,
        0,
        0,
        0,
        0,
        0,
        0,
        0,
        0,
        null,
        null,
        null,
        0,
        0,
        0,
        0,
        0,
        0,
        0,
        0,
        0,
        0,
        0,
        null,
        null,
        null,
        0,
        0,
        0,
        0,
        0,
        0,
        0,
        0,
        0,
        0,
        null,
        0,
        null,
        null,
        0,
        0,
        0,
        null,
        null,
        0,
        0,
        0,
        0
      ],
      "/home/eero/Desktop/WebPalvelinohjelmointi/ratebeer/app/controllers/beer_clubs_controller.rb": [
        0,
        0,
        0,
        null,
        null,
        null,
        0,
        0,
        0,
        null,
        null,
        null,
        0,
        0,
        null,
        null,
        0,
        0,
        0,
        null,
        null,
        0,
        0,
        null,
        null,
        null,
        0,
        0,
        null,
        0,
        0,
        0,
        0,
        0,
        0,
        0,
        0,
        0,
        0,
        null,
        null,
        null,
        0,
        0,
        0,
        0,
        0,
        0,
        0,
        0,
        0,
        0,
        0,
        null,
        null,
        null,
        0,
        0,
        0,
        0,
        0,
        0,
        0,
        null,
        0,
        null,
        null,
        0,
        0,
        0,
        null,
        null,
        0,
        0,
        0,
        0
      ],
      "/home/eero/Desktop/WebPalvelinohjelmointi/ratebeer/app/controllers/beers_controller.rb": [
        0,
        0,
        0,
        null,
        null,
        null,
        0,
        0,
        0,
        null,
        null,
        null,
        0,
        0,
        null,
        0,
        0,
        0,
        0,
        null,
        null,
        0,
        0,
        0,
        0,
        null,
        null,
        0,
        0,
        0,
        null,
        null,
        null,
        0,
        0,
        null,
        0,
        0,
        0,
        0,
        0,
        0,
        0,
        0,
        0,
        0,
        0,
        null,
        null,
        null,
        0,
        0,
        0,
        0,
        0,
        0,
        0,
        0,
        0,
        0,
        0,
        null,
        null,
        null,
        0,
        0,
        0,
        0,
        0,
        0,
        0,
        null,
        0,
        null,
        null,
        0,
        0,
        0,
        null,
        null,
        0,
        0,
        0,
        0
      ],
      "/home/eero/Desktop/WebPalvelinohjelmointi/ratebeer/app/controllers/sessions_controller.rb": [
        0,
        0,
        null,
        0,
        null,
        0,
        0,
        0,
        0,
        0,
        0,
        0,
        0,
        0,
        null,
        0,
        null,
        0,
        null,
        0,
        0,
        0
      ],
      "/home/eero/Desktop/WebPalvelinohjelmointi/ratebeer/app/models/application_record.rb": [
        0,
        0,
        0
      ],
      "/home/eero/Desktop/WebPalvelinohjelmointi/ratebeer/app/models/beer.rb": [
        0,
        0,
        null,
        0,
        0,
        0,
        null,
        0,
        null,
        0,
        0,
        null,
        0,
        0,
        null,
        0,
        0,
        0,
        0
      ],
      "/home/eero/Desktop/WebPalvelinohjelmointi/ratebeer/app/models/membership.rb": [
        0,
        0,
        0,
        null,
        0,
        0,
        0,
        0,
        0
      ],
      "/home/eero/Desktop/WebPalvelinohjelmointi/ratebeer/app/models/user.rb": [
        0,
        0,
        null,
        0,
        null,
        0,
        0,
        0,
        0,
        0,
        null,
        0,
        0,
        0,
        null,
        0,
        0,
        null,
        0,
        0,
        null,
        0,
        0,
        null,
        0,
        0,
        null,
        0,
        0,
        0,
        0,
        null,
        0,
        0,
        null,
        0,
        0,
        null,
        0,
        0,
        0,
        0,
        null,
        0,
        0,
        0
      ],
      "/home/eero/Desktop/WebPalvelinohjelmointi/ratebeer/app/models/beer_club.rb": [
        0,
        0,
        0,
        0
      ],
      "/home/eero/Desktop/WebPalvelinohjelmointi/ratebeer/app/models/brewery.rb": [
        0,
        0,
        null,
        0,
        0,
        null,
        0,
        0,
        0,
        0,
        null,
        0,
        0,
        0,
        0,
        0,
        null,
        0,
        0,
        0,
        0,
        0
      ],
      "/home/eero/Desktop/WebPalvelinohjelmointi/ratebeer/app/models/concerns/rating_average.rb": [
        0,
        0,
        null,
        0,
        0,
        null,
        0,
        0,
        0
      ],
      "/home/eero/Desktop/WebPalvelinohjelmointi/ratebeer/app/models/rating.rb": [
        0,
        0,
        0,
        null,
        0,
        0,
        0,
        null,
        0,
        0,
        0,
        0
      ],
      "/home/eero/Desktop/WebPalvelinohjelmointi/ratebeer/app/mailers/application_mailer.rb": [
        0,
        0,
        0,
        0
      ]
    },
    "timestamp": 1538940043
  }
}
